<?xml version="1.0" encoding="UTF-8"?>
<!-- Generated by org.testng.reporters.JUnitReportReporter -->
<testsuite hostname="DESKTOP-BKU1RUK" failures="0" tests="2" name="runner.TestRunner" time="19.205" errors="1" timestamp="2023-09-25T21:28:04 IST" skipped="0">
  <testcase classname="runner.TestRunner" name="runScenario" time="19.049"/>
  <testcase classname="runner.TestRunner" name="runScenario" time="0.156">
    <error message="Cannot invoke &quot;org.openqa.selenium.WebDriver.getTitle()&quot; because &quot;this.driver&quot; is null" type="java.lang.NullPointerException">
      <![CDATA[java.lang.NullPointerException: Cannot invoke "org.openqa.selenium.WebDriver.getTitle()" because "this.driver" is null
at stepDef.AttachmentPage.user_is_on_the_attachment_page(AttachmentPage.java:17)
at âœ½.User is on the attachment page(file:///C:/Users/91959/eclipse-workspace/Com.CucumberOpenMrs/./features/AttachmentPage.feature:3)
]]>
    </error>
  </testcase> <!-- runScenario -->
</testsuite> <!-- runner.TestRunner -->
