<?xml version="1.0" encoding="UTF-8"?>
<!-- Generated by org.testng.reporters.JUnitReportReporter -->
<testsuite hostname="DESKTOP-BKU1RUK" failures="0" tests="3" name="runner.TestRunner" time="72.434" errors="0" timestamp="2023-09-26T01:03:58 IST" skipped="0">
  <testcase classname="runner.TestRunner" name="runScenario" time="19.978"/>
  <testcase classname="runner.TestRunner" name="runScenario" time="27.214"/>
  <testcase classname="runner.TestRunner" name="runScenario" time="25.242"/>
</testsuite> <!-- runner.TestRunner -->
