<?xml version="1.0" encoding="UTF-8"?>
<!-- Generated by org.testng.reporters.JUnitReportReporter -->
<testsuite hostname="DESKTOP-BKU1RUK" failures="0" tests="3" name="runner.TestRunner" time="127.954" errors="0" timestamp="2023-09-26T10:33:50 IST" skipped="0">
  <testcase classname="runner.TestRunner" name="runScenario" time="45.515"/>
  <testcase classname="runner.TestRunner" name="runScenario" time="53.792"/>
  <testcase classname="runner.TestRunner" name="runScenario" time="28.647"/>
</testsuite> <!-- runner.TestRunner -->
